2025-09-27 19:56:04 [main] INFO  com.tka.utilities.MyListener - Test case suite started 
2025-09-27 19:56:05 [main] DEBUG org.apache.poi.openxml4j.opc.PackageRelationshipCollection - Parsing relationship: /xl/_rels/workbook.xml.rels
2025-09-27 19:56:05 [main] DEBUG org.apache.poi.openxml4j.opc.PackageRelationshipCollection - Parsing relationship: /xl/worksheets/_rels/sheet1.xml.rels
2025-09-27 19:56:05 [main] DEBUG org.apache.poi.openxml4j.opc.PackageRelationshipCollection - Parsing relationship: /_rels/.rels
2025-09-27 19:56:06 [main] DEBUG org.apache.poi.ooxml.POIXMLFactory - using default POIXMLDocumentPart for http://schemas.openxmlformats.org/officeDocument/2006/relationships/printerSettings
2025-09-27 19:56:06 [main] DEBUG org.apache.poi.openxml4j.opc.ZipPackage - Save content types part
2025-09-27 19:56:06 [main] DEBUG org.apache.poi.openxml4j.opc.ZipPackage - Save package relationships
2025-09-27 19:56:06 [main] DEBUG org.apache.poi.openxml4j.opc.ZipPackage - Save part 'docProps/app.xml'
2025-09-27 19:56:06 [main] DEBUG org.apache.poi.openxml4j.opc.ZipPackage - Save part 'docProps/core.xml'
2025-09-27 19:56:06 [main] DEBUG org.apache.poi.openxml4j.opc.ZipPackage - Save part 'docProps/thumbnail.wmf'
2025-09-27 19:56:06 [main] DEBUG org.apache.poi.openxml4j.opc.ZipPackage - Save part 'xl/printerSettings/printerSettings1.bin'
2025-09-27 19:56:06 [main] DEBUG org.apache.poi.openxml4j.opc.ZipPackage - Save part 'xl/sharedStrings.xml'
2025-09-27 19:56:06 [main] DEBUG org.apache.poi.openxml4j.opc.ZipPackage - Save part 'xl/styles.xml'
2025-09-27 19:56:06 [main] DEBUG org.apache.poi.openxml4j.opc.ZipPackage - Save part 'xl/theme/theme1.xml'
2025-09-27 19:56:06 [main] DEBUG org.apache.poi.openxml4j.opc.ZipPackage - Save part 'xl/workbook.xml'
2025-09-27 19:56:06 [main] DEBUG org.apache.poi.openxml4j.opc.ZipPackage - Save part 'xl/worksheets/sheet1.xml'
2025-09-27 19:56:11 [main] INFO  com.tka.utilities.MyListener - Test case execution started loginTest
2025-09-27 19:56:12 [main] INFO  com.tka.utilities.MyListener - Test case is pass loginTest
2025-09-27 19:56:15 [main] INFO  com.tka.utilities.MyListener - Test case execution started loginTest
2025-09-27 19:56:16 [main] INFO  com.tka.utilities.MyListener - Test case is pass loginTest
2025-09-27 19:56:19 [main] INFO  com.tka.utilities.MyListener - Test case execution started loginTest
2025-09-27 19:56:20 [main] INFO  com.tka.utilities.MyListener - Test case failed loginTest
2025-09-27 19:56:24 [main] INFO  com.tka.utilities.MyListener - Test case execution started loginTest
2025-09-27 19:56:24 [main] INFO  com.tka.utilities.MyListener - Test case failed loginTest
2025-09-27 19:56:25 [main] INFO  com.tka.utilities.MyListener - Test case suite execution finish 
2025-09-29 12:50:00 [main] INFO  com.tka.utilities.MyListener - Test case suite started 
2025-09-29 12:50:01 [main] DEBUG org.apache.poi.openxml4j.opc.PackageRelationshipCollection - Parsing relationship: /xl/_rels/workbook.xml.rels
2025-09-29 12:50:01 [main] DEBUG org.apache.poi.openxml4j.opc.PackageRelationshipCollection - Parsing relationship: /xl/worksheets/_rels/sheet1.xml.rels
2025-09-29 12:50:01 [main] DEBUG org.apache.poi.openxml4j.opc.PackageRelationshipCollection - Parsing relationship: /_rels/.rels
2025-09-29 12:50:02 [main] DEBUG org.apache.poi.ooxml.POIXMLFactory - using default POIXMLDocumentPart for http://schemas.openxmlformats.org/officeDocument/2006/relationships/printerSettings
2025-09-29 12:50:02 [main] DEBUG org.apache.poi.openxml4j.opc.ZipPackage - Save content types part
2025-09-29 12:50:02 [main] DEBUG org.apache.poi.openxml4j.opc.ZipPackage - Save package relationships
2025-09-29 12:50:02 [main] DEBUG org.apache.poi.openxml4j.opc.ZipPackage - Save part 'docProps/app.xml'
2025-09-29 12:50:02 [main] DEBUG org.apache.poi.openxml4j.opc.ZipPackage - Save part 'docProps/core.xml'
2025-09-29 12:50:02 [main] DEBUG org.apache.poi.openxml4j.opc.ZipPackage - Save part 'docProps/thumbnail.wmf'
2025-09-29 12:50:02 [main] DEBUG org.apache.poi.openxml4j.opc.ZipPackage - Save part 'xl/printerSettings/printerSettings1.bin'
2025-09-29 12:50:02 [main] DEBUG org.apache.poi.openxml4j.opc.ZipPackage - Save part 'xl/sharedStrings.xml'
2025-09-29 12:50:02 [main] DEBUG org.apache.poi.openxml4j.opc.ZipPackage - Save part 'xl/styles.xml'
2025-09-29 12:50:02 [main] DEBUG org.apache.poi.openxml4j.opc.ZipPackage - Save part 'xl/theme/theme1.xml'
2025-09-29 12:50:02 [main] DEBUG org.apache.poi.openxml4j.opc.ZipPackage - Save part 'xl/workbook.xml'
2025-09-29 12:50:02 [main] DEBUG org.apache.poi.openxml4j.opc.ZipPackage - Save part 'xl/worksheets/sheet1.xml'
2025-09-29 12:50:10 [main] INFO  com.tka.utilities.MyListener - Test case execution started loginTest
2025-09-29 12:50:11 [main] INFO  com.tka.utilities.MyListener - Test case is pass loginTest
2025-09-29 12:50:15 [main] INFO  com.tka.utilities.MyListener - Test case execution started loginTest
2025-09-29 12:50:17 [main] INFO  com.tka.utilities.MyListener - Test case is pass loginTest
2025-09-29 12:50:20 [main] INFO  com.tka.utilities.MyListener - Test case execution started loginTest
2025-09-29 12:50:21 [main] INFO  com.tka.utilities.MyListener - Test case failed loginTest
2025-09-29 12:50:24 [main] INFO  com.tka.utilities.MyListener - Test case execution started loginTest
2025-09-29 12:50:25 [main] INFO  com.tka.utilities.MyListener - Test case failed loginTest
2025-09-29 12:50:28 [main] INFO  com.tka.utilities.MyListener - Test case execution started registerTest
2025-09-29 12:50:31 [main] INFO  com.tka.utilities.MyListener - Test case is pass registerTest
2025-09-29 12:50:31 [main] INFO  com.tka.utilities.MyListener - Test case suite execution finish 
2025-09-29 12:51:51 [main] INFO  com.tka.utilities.MyListener - Test case suite started 
2025-09-29 12:51:51 [main] DEBUG org.apache.poi.openxml4j.opc.PackageRelationshipCollection - Parsing relationship: /xl/_rels/workbook.xml.rels
2025-09-29 12:51:51 [main] DEBUG org.apache.poi.openxml4j.opc.PackageRelationshipCollection - Parsing relationship: /xl/worksheets/_rels/sheet1.xml.rels
2025-09-29 12:51:51 [main] DEBUG org.apache.poi.openxml4j.opc.PackageRelationshipCollection - Parsing relationship: /_rels/.rels
2025-09-29 12:51:52 [main] DEBUG org.apache.poi.ooxml.POIXMLFactory - using default POIXMLDocumentPart for http://schemas.openxmlformats.org/officeDocument/2006/relationships/printerSettings
2025-09-29 12:51:52 [main] DEBUG org.apache.poi.openxml4j.opc.ZipPackage - Save content types part
2025-09-29 12:51:53 [main] DEBUG org.apache.poi.openxml4j.opc.ZipPackage - Save package relationships
2025-09-29 12:51:53 [main] DEBUG org.apache.poi.openxml4j.opc.ZipPackage - Save part 'docProps/app.xml'
2025-09-29 12:51:53 [main] DEBUG org.apache.poi.openxml4j.opc.ZipPackage - Save part 'docProps/core.xml'
2025-09-29 12:51:53 [main] DEBUG org.apache.poi.openxml4j.opc.ZipPackage - Save part 'docProps/thumbnail.wmf'
2025-09-29 12:51:53 [main] DEBUG org.apache.poi.openxml4j.opc.ZipPackage - Save part 'xl/printerSettings/printerSettings1.bin'
2025-09-29 12:51:53 [main] DEBUG org.apache.poi.openxml4j.opc.ZipPackage - Save part 'xl/sharedStrings.xml'
2025-09-29 12:51:53 [main] DEBUG org.apache.poi.openxml4j.opc.ZipPackage - Save part 'xl/styles.xml'
2025-09-29 12:51:53 [main] DEBUG org.apache.poi.openxml4j.opc.ZipPackage - Save part 'xl/theme/theme1.xml'
2025-09-29 12:51:53 [main] DEBUG org.apache.poi.openxml4j.opc.ZipPackage - Save part 'xl/workbook.xml'
2025-09-29 12:51:53 [main] DEBUG org.apache.poi.openxml4j.opc.ZipPackage - Save part 'xl/worksheets/sheet1.xml'
2025-09-29 12:51:57 [main] INFO  com.tka.utilities.MyListener - Test case execution started loginTest
2025-09-29 12:51:58 [main] INFO  com.tka.utilities.MyListener - Test case is pass loginTest
2025-09-29 12:52:00 [main] INFO  com.tka.utilities.MyListener - Test case execution started loginTest
2025-09-29 12:52:02 [main] INFO  com.tka.utilities.MyListener - Test case is pass loginTest
2025-09-29 12:52:05 [main] INFO  com.tka.utilities.MyListener - Test case execution started loginTest
2025-09-29 12:52:06 [main] INFO  com.tka.utilities.MyListener - Test case failed loginTest
2025-09-29 12:52:09 [main] INFO  com.tka.utilities.MyListener - Test case execution started loginTest
2025-09-29 12:52:10 [main] INFO  com.tka.utilities.MyListener - Test case failed loginTest
2025-09-29 12:52:13 [main] INFO  com.tka.utilities.MyListener - Test case execution started registerTest
2025-09-29 12:52:16 [main] INFO  com.tka.utilities.MyListener - Test case failed registerTest
2025-09-29 12:52:16 [main] INFO  com.tka.utilities.MyListener - Test case suite execution finish 
2025-09-30 12:17:01 [main] INFO  com.tka.utilities.MyListener - Test case suite started 
2025-09-30 12:17:02 [main] DEBUG org.apache.poi.openxml4j.opc.PackageRelationshipCollection - Parsing relationship: /xl/_rels/workbook.xml.rels
2025-09-30 12:17:02 [main] DEBUG org.apache.poi.openxml4j.opc.PackageRelationshipCollection - Parsing relationship: /xl/worksheets/_rels/sheet1.xml.rels
2025-09-30 12:17:02 [main] DEBUG org.apache.poi.openxml4j.opc.PackageRelationshipCollection - Parsing relationship: /_rels/.rels
2025-09-30 12:17:03 [main] DEBUG org.apache.poi.ooxml.POIXMLFactory - using default POIXMLDocumentPart for http://schemas.openxmlformats.org/officeDocument/2006/relationships/printerSettings
2025-09-30 12:17:03 [main] DEBUG org.apache.poi.openxml4j.opc.ZipPackage - Save content types part
2025-09-30 12:17:04 [main] DEBUG org.apache.poi.openxml4j.opc.ZipPackage - Save package relationships
2025-09-30 12:17:04 [main] DEBUG org.apache.poi.openxml4j.opc.ZipPackage - Save part 'docProps/app.xml'
2025-09-30 12:17:04 [main] DEBUG org.apache.poi.openxml4j.opc.ZipPackage - Save part 'docProps/core.xml'
2025-09-30 12:17:04 [main] DEBUG org.apache.poi.openxml4j.opc.ZipPackage - Save part 'docProps/thumbnail.wmf'
2025-09-30 12:17:04 [main] DEBUG org.apache.poi.openxml4j.opc.ZipPackage - Save part 'xl/printerSettings/printerSettings1.bin'
2025-09-30 12:17:04 [main] DEBUG org.apache.poi.openxml4j.opc.ZipPackage - Save part 'xl/sharedStrings.xml'
2025-09-30 12:17:04 [main] DEBUG org.apache.poi.openxml4j.opc.ZipPackage - Save part 'xl/styles.xml'
2025-09-30 12:17:04 [main] DEBUG org.apache.poi.openxml4j.opc.ZipPackage - Save part 'xl/theme/theme1.xml'
2025-09-30 12:17:04 [main] DEBUG org.apache.poi.openxml4j.opc.ZipPackage - Save part 'xl/workbook.xml'
2025-09-30 12:17:04 [main] DEBUG org.apache.poi.openxml4j.opc.ZipPackage - Save part 'xl/worksheets/sheet1.xml'
2025-09-30 12:17:09 [main] INFO  com.tka.utilities.MyListener - Test case execution started loginTest
2025-09-30 12:17:10 [main] INFO  com.tka.utilities.MyListener - Test case is pass loginTest
2025-09-30 12:17:14 [main] INFO  com.tka.utilities.MyListener - Test case execution started loginTest
2025-09-30 12:17:15 [main] INFO  com.tka.utilities.MyListener - Test case is pass loginTest
2025-09-30 12:17:19 [main] INFO  com.tka.utilities.MyListener - Test case execution started loginTest
2025-09-30 12:17:19 [main] INFO  com.tka.utilities.MyListener - Test case failed loginTest
2025-09-30 12:17:23 [main] INFO  com.tka.utilities.MyListener - Test case execution started loginTest
2025-09-30 12:17:23 [main] INFO  com.tka.utilities.MyListener - Test case failed loginTest
2025-09-30 12:17:27 [main] INFO  com.tka.utilities.MyListener - Test case execution started veriftProfileBtn
2025-09-30 12:17:29 [main] INFO  com.tka.utilities.MyListener - Test case failed veriftProfileBtn
2025-09-30 12:17:33 [main] INFO  com.tka.utilities.MyListener - Test case execution started registerTest
2025-09-30 12:17:37 [main] INFO  com.tka.utilities.MyListener - Test case failed registerTest
2025-09-30 12:17:37 [main] INFO  com.tka.utilities.MyListener - Test case suite execution finish 
2025-09-30 12:23:09 [main] INFO  com.tka.utilities.MyListener - Test case suite started 
2025-09-30 12:23:10 [main] DEBUG org.apache.poi.openxml4j.opc.PackageRelationshipCollection - Parsing relationship: /xl/_rels/workbook.xml.rels
2025-09-30 12:23:10 [main] DEBUG org.apache.poi.openxml4j.opc.PackageRelationshipCollection - Parsing relationship: /xl/worksheets/_rels/sheet1.xml.rels
2025-09-30 12:23:10 [main] DEBUG org.apache.poi.openxml4j.opc.PackageRelationshipCollection - Parsing relationship: /_rels/.rels
2025-09-30 12:23:11 [main] DEBUG org.apache.poi.ooxml.POIXMLFactory - using default POIXMLDocumentPart for http://schemas.openxmlformats.org/officeDocument/2006/relationships/printerSettings
2025-09-30 12:23:11 [main] DEBUG org.apache.poi.openxml4j.opc.ZipPackage - Save content types part
2025-09-30 12:23:11 [main] DEBUG org.apache.poi.openxml4j.opc.ZipPackage - Save package relationships
2025-09-30 12:23:11 [main] DEBUG org.apache.poi.openxml4j.opc.ZipPackage - Save part 'docProps/app.xml'
2025-09-30 12:23:11 [main] DEBUG org.apache.poi.openxml4j.opc.ZipPackage - Save part 'docProps/core.xml'
2025-09-30 12:23:11 [main] DEBUG org.apache.poi.openxml4j.opc.ZipPackage - Save part 'docProps/thumbnail.wmf'
2025-09-30 12:23:11 [main] DEBUG org.apache.poi.openxml4j.opc.ZipPackage - Save part 'xl/printerSettings/printerSettings1.bin'
2025-09-30 12:23:11 [main] DEBUG org.apache.poi.openxml4j.opc.ZipPackage - Save part 'xl/sharedStrings.xml'
2025-09-30 12:23:11 [main] DEBUG org.apache.poi.openxml4j.opc.ZipPackage - Save part 'xl/styles.xml'
2025-09-30 12:23:11 [main] DEBUG org.apache.poi.openxml4j.opc.ZipPackage - Save part 'xl/theme/theme1.xml'
2025-09-30 12:23:11 [main] DEBUG org.apache.poi.openxml4j.opc.ZipPackage - Save part 'xl/workbook.xml'
2025-09-30 12:23:11 [main] DEBUG org.apache.poi.openxml4j.opc.ZipPackage - Save part 'xl/worksheets/sheet1.xml'
2025-09-30 12:23:17 [main] INFO  com.tka.utilities.MyListener - Test case execution started loginTest
2025-09-30 12:23:18 [main] INFO  com.tka.utilities.MyListener - Test case is pass loginTest
2025-09-30 12:23:22 [main] INFO  com.tka.utilities.MyListener - Test case execution started loginTest
2025-09-30 12:23:23 [main] INFO  com.tka.utilities.MyListener - Test case is pass loginTest
2025-09-30 12:23:26 [main] INFO  com.tka.utilities.MyListener - Test case execution started loginTest
2025-09-30 12:23:27 [main] INFO  com.tka.utilities.MyListener - Test case is pass loginTest
2025-09-30 12:23:30 [main] INFO  com.tka.utilities.MyListener - Test case execution started loginTest
2025-09-30 12:23:31 [main] INFO  com.tka.utilities.MyListener - Test case is pass loginTest
2025-09-30 12:23:34 [main] INFO  com.tka.utilities.MyListener - Test case execution started veriftProfileBtn
2025-09-30 12:23:36 [main] INFO  com.tka.utilities.MyListener - Test case is pass veriftProfileBtn
2025-09-30 12:23:39 [main] INFO  com.tka.utilities.MyListener - Test case execution started registerTest
2025-09-30 12:23:42 [main] INFO  com.tka.utilities.MyListener - Test case is pass registerTest
2025-09-30 12:23:42 [main] INFO  com.tka.utilities.MyListener - Test case suite execution finish 
2025-10-06 18:46:25 [main] INFO  com.tka.utilities.MyListener - Test case suite started 
2025-10-06 18:46:26 [main] DEBUG org.apache.poi.openxml4j.opc.PackageRelationshipCollection - Parsing relationship: /xl/_rels/workbook.xml.rels
2025-10-06 18:46:26 [main] DEBUG org.apache.poi.openxml4j.opc.PackageRelationshipCollection - Parsing relationship: /xl/worksheets/_rels/sheet1.xml.rels
2025-10-06 18:46:26 [main] DEBUG org.apache.poi.openxml4j.opc.PackageRelationshipCollection - Parsing relationship: /_rels/.rels
2025-10-06 18:46:27 [main] DEBUG org.apache.poi.ooxml.POIXMLFactory - using default POIXMLDocumentPart for http://schemas.openxmlformats.org/officeDocument/2006/relationships/printerSettings
2025-10-06 18:46:27 [main] DEBUG org.apache.poi.openxml4j.opc.ZipPackage - Save content types part
2025-10-06 18:46:27 [main] DEBUG org.apache.poi.openxml4j.opc.ZipPackage - Save package relationships
2025-10-06 18:46:27 [main] DEBUG org.apache.poi.openxml4j.opc.ZipPackage - Save part 'docProps/app.xml'
2025-10-06 18:46:27 [main] DEBUG org.apache.poi.openxml4j.opc.ZipPackage - Save part 'docProps/core.xml'
2025-10-06 18:46:27 [main] DEBUG org.apache.poi.openxml4j.opc.ZipPackage - Save part 'docProps/thumbnail.wmf'
2025-10-06 18:46:27 [main] DEBUG org.apache.poi.openxml4j.opc.ZipPackage - Save part 'xl/printerSettings/printerSettings1.bin'
2025-10-06 18:46:27 [main] DEBUG org.apache.poi.openxml4j.opc.ZipPackage - Save part 'xl/sharedStrings.xml'
2025-10-06 18:46:27 [main] DEBUG org.apache.poi.openxml4j.opc.ZipPackage - Save part 'xl/styles.xml'
2025-10-06 18:46:27 [main] DEBUG org.apache.poi.openxml4j.opc.ZipPackage - Save part 'xl/theme/theme1.xml'
2025-10-06 18:46:27 [main] DEBUG org.apache.poi.openxml4j.opc.ZipPackage - Save part 'xl/workbook.xml'
2025-10-06 18:46:27 [main] DEBUG org.apache.poi.openxml4j.opc.ZipPackage - Save part 'xl/worksheets/sheet1.xml'
2025-10-06 18:46:42 [main] INFO  com.tka.utilities.MyListener - Test case execution started loginTest
2025-10-06 18:46:43 [main] INFO  com.tka.utilities.MyListener - Test case is pass loginTest
2025-10-06 18:46:47 [main] INFO  com.tka.utilities.MyListener - Test case execution started loginTest
2025-10-06 18:46:48 [main] INFO  com.tka.utilities.MyListener - Test case is pass loginTest
2025-10-06 18:46:51 [main] INFO  com.tka.utilities.MyListener - Test case execution started loginTest
2025-10-06 18:46:52 [main] INFO  com.tka.utilities.MyListener - Test case is pass loginTest
2025-10-06 18:46:56 [main] INFO  com.tka.utilities.MyListener - Test case execution started loginTest
2025-10-06 18:46:57 [main] INFO  com.tka.utilities.MyListener - Test case is pass loginTest
2025-10-06 18:47:00 [main] INFO  com.tka.utilities.MyListener - Test case execution started veriftProfileBtn
2025-10-06 18:47:02 [main] INFO  com.tka.utilities.MyListener - Test case is pass veriftProfileBtn
2025-10-06 18:47:06 [main] INFO  com.tka.utilities.MyListener - Test case execution started registerTest
2025-10-06 18:47:08 [main] INFO  com.tka.utilities.MyListener - Test case failed registerTest
2025-10-06 18:47:08 [main] INFO  com.tka.utilities.MyListener - Test case suite execution finish 
2025-10-06 18:49:30 [main] INFO  com.tka.utilities.MyListener - Test case suite started 
2025-10-06 18:49:31 [main] DEBUG org.apache.poi.openxml4j.opc.PackageRelationshipCollection - Parsing relationship: /xl/_rels/workbook.xml.rels
2025-10-06 18:49:31 [main] DEBUG org.apache.poi.openxml4j.opc.PackageRelationshipCollection - Parsing relationship: /xl/worksheets/_rels/sheet1.xml.rels
2025-10-06 18:49:31 [main] DEBUG org.apache.poi.openxml4j.opc.PackageRelationshipCollection - Parsing relationship: /_rels/.rels
2025-10-06 18:49:32 [main] DEBUG org.apache.poi.ooxml.POIXMLFactory - using default POIXMLDocumentPart for http://schemas.openxmlformats.org/officeDocument/2006/relationships/printerSettings
2025-10-06 18:49:32 [main] DEBUG org.apache.poi.openxml4j.opc.ZipPackage - Save content types part
2025-10-06 18:49:32 [main] DEBUG org.apache.poi.openxml4j.opc.ZipPackage - Save package relationships
2025-10-06 18:49:32 [main] DEBUG org.apache.poi.openxml4j.opc.ZipPackage - Save part 'docProps/app.xml'
2025-10-06 18:49:32 [main] DEBUG org.apache.poi.openxml4j.opc.ZipPackage - Save part 'docProps/core.xml'
2025-10-06 18:49:32 [main] DEBUG org.apache.poi.openxml4j.opc.ZipPackage - Save part 'docProps/thumbnail.wmf'
2025-10-06 18:49:32 [main] DEBUG org.apache.poi.openxml4j.opc.ZipPackage - Save part 'xl/printerSettings/printerSettings1.bin'
2025-10-06 18:49:32 [main] DEBUG org.apache.poi.openxml4j.opc.ZipPackage - Save part 'xl/sharedStrings.xml'
2025-10-06 18:49:32 [main] DEBUG org.apache.poi.openxml4j.opc.ZipPackage - Save part 'xl/styles.xml'
2025-10-06 18:49:32 [main] DEBUG org.apache.poi.openxml4j.opc.ZipPackage - Save part 'xl/theme/theme1.xml'
2025-10-06 18:49:32 [main] DEBUG org.apache.poi.openxml4j.opc.ZipPackage - Save part 'xl/workbook.xml'
2025-10-06 18:49:32 [main] DEBUG org.apache.poi.openxml4j.opc.ZipPackage - Save part 'xl/worksheets/sheet1.xml'
2025-10-06 18:49:36 [main] INFO  com.tka.utilities.MyListener - Test case execution started loginTest
2025-10-06 18:49:38 [main] INFO  com.tka.utilities.MyListener - Test case is pass loginTest
2025-10-06 18:49:41 [main] INFO  com.tka.utilities.MyListener - Test case execution started loginTest
2025-10-06 18:49:43 [main] INFO  com.tka.utilities.MyListener - Test case is pass loginTest
2025-10-06 18:49:46 [main] INFO  com.tka.utilities.MyListener - Test case execution started loginTest
2025-10-06 18:49:46 [main] INFO  com.tka.utilities.MyListener - Test case is pass loginTest
2025-10-06 18:49:50 [main] INFO  com.tka.utilities.MyListener - Test case execution started loginTest
2025-10-06 18:49:50 [main] INFO  com.tka.utilities.MyListener - Test case is pass loginTest
2025-10-06 18:49:54 [main] INFO  com.tka.utilities.MyListener - Test case execution started veriftProfileBtn
2025-10-06 18:49:55 [main] INFO  com.tka.utilities.MyListener - Test case is pass veriftProfileBtn
2025-10-06 18:49:58 [main] INFO  com.tka.utilities.MyListener - Test case execution started registerTest
2025-10-06 18:50:01 [main] INFO  com.tka.utilities.MyListener - Test case failed registerTest
2025-10-06 18:50:01 [main] INFO  com.tka.utilities.MyListener - Test case suite execution finish 
2025-10-07 09:37:00 [main] INFO  com.tka.utilities.MyListener - Test case suite started 
2025-10-07 09:37:01 [main] DEBUG org.apache.poi.openxml4j.opc.PackageRelationshipCollection - Parsing relationship: /xl/_rels/workbook.xml.rels
2025-10-07 09:37:01 [main] DEBUG org.apache.poi.openxml4j.opc.PackageRelationshipCollection - Parsing relationship: /xl/worksheets/_rels/sheet1.xml.rels
2025-10-07 09:37:01 [main] DEBUG org.apache.poi.openxml4j.opc.PackageRelationshipCollection - Parsing relationship: /_rels/.rels
2025-10-07 09:37:02 [main] DEBUG org.apache.poi.ooxml.POIXMLFactory - using default POIXMLDocumentPart for http://schemas.openxmlformats.org/officeDocument/2006/relationships/printerSettings
2025-10-07 09:37:03 [main] DEBUG org.apache.poi.openxml4j.opc.ZipPackage - Save content types part
2025-10-07 09:37:03 [main] DEBUG org.apache.poi.openxml4j.opc.ZipPackage - Save package relationships
2025-10-07 09:37:03 [main] DEBUG org.apache.poi.openxml4j.opc.ZipPackage - Save part 'docProps/app.xml'
2025-10-07 09:37:03 [main] DEBUG org.apache.poi.openxml4j.opc.ZipPackage - Save part 'docProps/core.xml'
2025-10-07 09:37:03 [main] DEBUG org.apache.poi.openxml4j.opc.ZipPackage - Save part 'docProps/thumbnail.wmf'
2025-10-07 09:37:03 [main] DEBUG org.apache.poi.openxml4j.opc.ZipPackage - Save part 'xl/printerSettings/printerSettings1.bin'
2025-10-07 09:37:03 [main] DEBUG org.apache.poi.openxml4j.opc.ZipPackage - Save part 'xl/sharedStrings.xml'
2025-10-07 09:37:03 [main] DEBUG org.apache.poi.openxml4j.opc.ZipPackage - Save part 'xl/styles.xml'
2025-10-07 09:37:03 [main] DEBUG org.apache.poi.openxml4j.opc.ZipPackage - Save part 'xl/theme/theme1.xml'
2025-10-07 09:37:03 [main] DEBUG org.apache.poi.openxml4j.opc.ZipPackage - Save part 'xl/workbook.xml'
2025-10-07 09:37:03 [main] DEBUG org.apache.poi.openxml4j.opc.ZipPackage - Save part 'xl/worksheets/sheet1.xml'
2025-10-07 09:37:10 [main] INFO  com.tka.utilities.MyListener - Test case execution started loginTest
2025-10-07 09:37:12 [main] INFO  com.tka.utilities.MyListener - Test case is pass loginTest
2025-10-07 09:37:17 [main] INFO  com.tka.utilities.MyListener - Test case execution started loginTest
2025-10-07 09:37:19 [main] INFO  com.tka.utilities.MyListener - Test case is pass loginTest
2025-10-07 09:37:25 [main] INFO  com.tka.utilities.MyListener - Test case execution started loginTest
2025-10-07 09:37:27 [main] INFO  com.tka.utilities.MyListener - Test case is pass loginTest
2025-10-07 09:37:34 [main] INFO  com.tka.utilities.MyListener - Test case execution started loginTest
2025-10-07 09:37:37 [main] INFO  com.tka.utilities.MyListener - Test case is pass loginTest
2025-10-07 09:37:42 [main] INFO  com.tka.utilities.MyListener - Test case execution started veriftProfileBtn
2025-10-07 09:37:45 [main] INFO  com.tka.utilities.MyListener - Test case is pass veriftProfileBtn
2025-10-07 09:37:55 [main] INFO  com.tka.utilities.MyListener - Test case execution started registerTest
2025-10-07 09:38:01 [main] INFO  com.tka.utilities.MyListener - Test case is pass registerTest
2025-10-07 09:38:01 [main] INFO  com.tka.utilities.MyListener - Test case suite execution finish 
