2025-09-27 18:18:09 [main] INFO  com.tka.utilities.MyListener - Test case suite started 
2025-09-27 18:18:19 [main] INFO  com.tka.utilities.MyListener - Test case execution started loginTest
2025-09-27 18:18:21 [main] INFO  com.tka.utilities.MyListener - Test case is pass loginTest
2025-09-27 18:18:26 [main] INFO  com.tka.utilities.MyListener - Test case execution started loginTest
2025-09-27 18:18:27 [main] INFO  com.tka.utilities.MyListener - Test case is pass loginTest
2025-09-27 18:18:30 [main] INFO  com.tka.utilities.MyListener - Test case execution started loginTest
2025-09-27 18:18:31 [main] INFO  com.tka.utilities.MyListener - Test case is pass loginTest
2025-09-27 18:18:31 [main] INFO  com.tka.utilities.MyListener - Test case suite execution finish 
2025-09-27 18:20:26 [main] INFO  com.tka.utilities.MyListener - Test case suite started 
2025-09-27 18:20:31 [main] INFO  com.tka.utilities.MyListener - Test case execution started loginTest
2025-09-27 18:20:33 [main] INFO  com.tka.utilities.MyListener - Test case is pass loginTest
2025-09-27 18:20:36 [main] INFO  com.tka.utilities.MyListener - Test case execution started loginTest
2025-09-27 18:20:37 [main] INFO  com.tka.utilities.MyListener - Test case is pass loginTest
2025-09-27 18:20:41 [main] INFO  com.tka.utilities.MyListener - Test case execution started loginTest
2025-09-27 18:20:41 [main] INFO  com.tka.utilities.MyListener - Test case failed loginTest
2025-09-27 18:20:42 [main] INFO  com.tka.utilities.MyListener - Test case suite execution finish 
2025-09-27 19:00:25 [main] INFO  com.tka.utilities.MyListener - Test case suite started 
2025-09-27 19:00:26 [main] DEBUG org.apache.poi.openxml4j.opc.PackageRelationshipCollection - Parsing relationship: /xl/_rels/workbook.xml.rels
2025-09-27 19:00:26 [main] DEBUG org.apache.poi.openxml4j.opc.PackageRelationshipCollection - Parsing relationship: /xl/worksheets/_rels/sheet1.xml.rels
2025-09-27 19:00:26 [main] DEBUG org.apache.poi.openxml4j.opc.PackageRelationshipCollection - Parsing relationship: /_rels/.rels
2025-09-27 19:00:27 [main] DEBUG org.apache.poi.ooxml.POIXMLFactory - using default POIXMLDocumentPart for http://schemas.openxmlformats.org/officeDocument/2006/relationships/printerSettings
2025-09-27 19:00:28 [main] INFO  com.tka.utilities.MyListener - Test case failed loginTest
2025-09-27 19:00:28 [main] INFO  com.tka.utilities.MyListener - Test case suite execution finish 
2025-09-27 19:03:14 [main] INFO  com.tka.utilities.MyListener - Test case suite started 
2025-09-27 19:03:15 [main] WARN  org.apache.poi.openxml4j.opc.ZipPackage - Error in zip file C:\Selenium TNS Workspace\Hybrid_Framework\Hybrid_Framework\src\test\resources\LoginData.xlsx - falling back to stream processing (i.e. ignoring zip central directory)
2025-09-27 19:03:15 [main] INFO  com.tka.utilities.MyListener - Test case failed loginTest
2025-09-27 19:03:15 [main] INFO  com.tka.utilities.MyListener - Test case suite execution finish 
2025-09-27 19:03:54 [main] DEBUG org.apache.poi.openxml4j.opc.PackageRelationshipCollection - Parsing relationship: /xl/_rels/workbook.xml.rels
2025-09-27 19:03:54 [main] DEBUG org.apache.poi.openxml4j.opc.PackageRelationshipCollection - Parsing relationship: /xl/worksheets/_rels/sheet1.xml.rels
2025-09-27 19:03:54 [main] DEBUG org.apache.poi.openxml4j.opc.PackageRelationshipCollection - Parsing relationship: /_rels/.rels
2025-09-27 19:03:55 [main] DEBUG org.apache.poi.ooxml.POIXMLFactory - using default POIXMLDocumentPart for http://schemas.openxmlformats.org/officeDocument/2006/relationships/printerSettings
2025-09-27 19:04:17 [main] INFO  com.tka.utilities.MyListener - Test case suite started 
2025-09-27 19:04:18 [main] DEBUG org.apache.poi.openxml4j.opc.PackageRelationshipCollection - Parsing relationship: /xl/_rels/workbook.xml.rels
2025-09-27 19:04:18 [main] DEBUG org.apache.poi.openxml4j.opc.PackageRelationshipCollection - Parsing relationship: /xl/worksheets/_rels/sheet1.xml.rels
2025-09-27 19:04:18 [main] DEBUG org.apache.poi.openxml4j.opc.PackageRelationshipCollection - Parsing relationship: /_rels/.rels
2025-09-27 19:04:19 [main] DEBUG org.apache.poi.ooxml.POIXMLFactory - using default POIXMLDocumentPart for http://schemas.openxmlformats.org/officeDocument/2006/relationships/printerSettings
2025-09-27 19:04:19 [main] INFO  com.tka.utilities.MyListener - Test case failed loginTest
2025-09-27 19:04:19 [main] INFO  com.tka.utilities.MyListener - Test case suite execution finish 
2025-09-27 19:06:40 [main] INFO  com.tka.utilities.MyListener - Test case suite started 
2025-09-27 19:06:41 [main] DEBUG org.apache.poi.openxml4j.opc.PackageRelationshipCollection - Parsing relationship: /xl/_rels/workbook.xml.rels
2025-09-27 19:06:41 [main] DEBUG org.apache.poi.openxml4j.opc.PackageRelationshipCollection - Parsing relationship: /xl/worksheets/_rels/sheet1.xml.rels
2025-09-27 19:06:41 [main] DEBUG org.apache.poi.openxml4j.opc.PackageRelationshipCollection - Parsing relationship: /_rels/.rels
2025-09-27 19:06:42 [main] DEBUG org.apache.poi.ooxml.POIXMLFactory - using default POIXMLDocumentPart for http://schemas.openxmlformats.org/officeDocument/2006/relationships/printerSettings
2025-09-27 19:06:42 [main] INFO  com.tka.utilities.MyListener - Test case failed loginTest
2025-09-27 19:06:42 [main] INFO  com.tka.utilities.MyListener - Test case suite execution finish 
2025-09-27 19:10:57 [main] INFO  com.tka.utilities.MyListener - Test case suite started 
2025-09-27 19:10:58 [main] WARN  org.apache.poi.openxml4j.opc.ZipPackage - Error in zip file \src\test\resources\LoginData.xlsx - falling back to stream processing (i.e. ignoring zip central directory)
2025-09-27 19:10:58 [main] INFO  com.tka.utilities.MyListener - Test case failed loginTest
2025-09-27 19:10:58 [main] INFO  com.tka.utilities.MyListener - Test case suite execution finish 
2025-09-27 19:11:45 [main] INFO  com.tka.utilities.MyListener - Test case suite started 
2025-09-27 19:11:46 [main] DEBUG org.apache.poi.openxml4j.opc.PackageRelationshipCollection - Parsing relationship: /xl/_rels/workbook.xml.rels
2025-09-27 19:11:46 [main] DEBUG org.apache.poi.openxml4j.opc.PackageRelationshipCollection - Parsing relationship: /xl/worksheets/_rels/sheet1.xml.rels
2025-09-27 19:11:46 [main] DEBUG org.apache.poi.openxml4j.opc.PackageRelationshipCollection - Parsing relationship: /_rels/.rels
2025-09-27 19:11:47 [main] DEBUG org.apache.poi.ooxml.POIXMLFactory - using default POIXMLDocumentPart for http://schemas.openxmlformats.org/officeDocument/2006/relationships/printerSettings
2025-09-27 19:11:47 [main] INFO  com.tka.utilities.MyListener - Test case failed loginTest
2025-09-27 19:11:47 [main] INFO  com.tka.utilities.MyListener - Test case suite execution finish 
2025-09-27 19:13:47 [main] INFO  com.tka.utilities.MyListener - Test case suite started 
2025-09-27 19:13:48 [main] DEBUG org.apache.poi.openxml4j.opc.PackageRelationshipCollection - Parsing relationship: /xl/_rels/workbook.xml.rels
2025-09-27 19:13:48 [main] DEBUG org.apache.poi.openxml4j.opc.PackageRelationshipCollection - Parsing relationship: /xl/worksheets/_rels/sheet1.xml.rels
2025-09-27 19:13:48 [main] DEBUG org.apache.poi.openxml4j.opc.PackageRelationshipCollection - Parsing relationship: /_rels/.rels
2025-09-27 19:13:49 [main] DEBUG org.apache.poi.ooxml.POIXMLFactory - using default POIXMLDocumentPart for http://schemas.openxmlformats.org/officeDocument/2006/relationships/printerSettings
2025-09-27 19:13:49 [main] INFO  com.tka.utilities.MyListener - Test case failed loginTest
2025-09-27 19:13:49 [main] INFO  com.tka.utilities.MyListener - Test case suite execution finish 
2025-09-27 19:20:55 [main] INFO  com.tka.utilities.MyListener - Test case suite started 
2025-09-27 19:21:03 [main] INFO  com.tka.utilities.MyListener - Test case execution started loginTest
2025-09-27 19:21:04 [main] INFO  com.tka.utilities.MyListener - Test case is pass loginTest
2025-09-27 19:21:08 [main] INFO  com.tka.utilities.MyListener - Test case execution started loginTest
2025-09-27 19:21:09 [main] INFO  com.tka.utilities.MyListener - Test case is pass loginTest
2025-09-27 19:21:13 [main] INFO  com.tka.utilities.MyListener - Test case execution started loginTest
2025-09-27 19:21:13 [main] INFO  com.tka.utilities.MyListener - Test case failed loginTest
2025-09-27 19:21:14 [main] INFO  com.tka.utilities.MyListener - Test case suite execution finish 
2025-09-27 19:22:30 [main] INFO  com.tka.utilities.MyListener - Test case suite started 
2025-09-27 19:22:31 [main] DEBUG org.apache.poi.openxml4j.opc.PackageRelationshipCollection - Parsing relationship: /xl/_rels/workbook.xml.rels
2025-09-27 19:22:31 [main] DEBUG org.apache.poi.openxml4j.opc.PackageRelationshipCollection - Parsing relationship: /xl/worksheets/_rels/sheet1.xml.rels
2025-09-27 19:22:31 [main] DEBUG org.apache.poi.openxml4j.opc.PackageRelationshipCollection - Parsing relationship: /_rels/.rels
2025-09-27 19:22:31 [main] DEBUG org.apache.poi.ooxml.POIXMLFactory - using default POIXMLDocumentPart for http://schemas.openxmlformats.org/officeDocument/2006/relationships/printerSettings
2025-09-27 19:22:36 [main] INFO  com.tka.utilities.MyListener - Test case execution started loginTest
2025-09-27 19:22:38 [main] INFO  com.tka.utilities.MyListener - Test case is pass loginTest
2025-09-27 19:22:41 [main] INFO  com.tka.utilities.MyListener - Test case execution started loginTest
2025-09-27 19:22:42 [main] INFO  com.tka.utilities.MyListener - Test case is pass loginTest
2025-09-27 19:22:46 [main] INFO  com.tka.utilities.MyListener - Test case execution started loginTest
2025-09-27 19:22:47 [main] INFO  com.tka.utilities.MyListener - Test case failed loginTest
2025-09-27 19:22:47 [main] INFO  com.tka.utilities.MyListener - Test case suite execution finish 
2025-09-27 19:25:56 [main] INFO  com.tka.utilities.MyListener - Test case suite started 
2025-09-27 19:25:57 [main] DEBUG org.apache.poi.openxml4j.opc.PackageRelationshipCollection - Parsing relationship: /xl/_rels/workbook.xml.rels
2025-09-27 19:25:57 [main] DEBUG org.apache.poi.openxml4j.opc.PackageRelationshipCollection - Parsing relationship: /xl/worksheets/_rels/sheet1.xml.rels
2025-09-27 19:25:57 [main] DEBUG org.apache.poi.openxml4j.opc.PackageRelationshipCollection - Parsing relationship: /_rels/.rels
2025-09-27 19:25:58 [main] DEBUG org.apache.poi.ooxml.POIXMLFactory - using default POIXMLDocumentPart for http://schemas.openxmlformats.org/officeDocument/2006/relationships/printerSettings
2025-09-27 19:26:03 [main] INFO  com.tka.utilities.MyListener - Test case execution started loginTest
2025-09-27 19:26:04 [main] INFO  com.tka.utilities.MyListener - Test case is pass loginTest
2025-09-27 19:26:08 [main] INFO  com.tka.utilities.MyListener - Test case execution started loginTest
2025-09-27 19:26:09 [main] INFO  com.tka.utilities.MyListener - Test case is pass loginTest
2025-09-27 19:26:12 [main] INFO  com.tka.utilities.MyListener - Test case execution started loginTest
2025-09-27 19:26:13 [main] INFO  com.tka.utilities.MyListener - Test case failed loginTest
2025-09-27 19:26:13 [main] INFO  com.tka.utilities.MyListener - Test case suite execution finish 
2025-09-27 19:27:02 [main] INFO  com.tka.utilities.MyListener - Test case suite started 
2025-09-27 19:27:02 [main] DEBUG org.apache.poi.openxml4j.opc.PackageRelationshipCollection - Parsing relationship: /xl/_rels/workbook.xml.rels
2025-09-27 19:27:02 [main] DEBUG org.apache.poi.openxml4j.opc.PackageRelationshipCollection - Parsing relationship: /xl/worksheets/_rels/sheet1.xml.rels
2025-09-27 19:27:02 [main] DEBUG org.apache.poi.openxml4j.opc.PackageRelationshipCollection - Parsing relationship: /_rels/.rels
2025-09-27 19:27:03 [main] DEBUG org.apache.poi.ooxml.POIXMLFactory - using default POIXMLDocumentPart for http://schemas.openxmlformats.org/officeDocument/2006/relationships/printerSettings
2025-09-27 19:27:08 [main] INFO  com.tka.utilities.MyListener - Test case execution started loginTest
2025-09-27 19:27:09 [main] INFO  com.tka.utilities.MyListener - Test case is pass loginTest
2025-09-27 19:27:11 [main] INFO  com.tka.utilities.MyListener - Test case execution started loginTest
2025-09-27 19:27:14 [main] INFO  com.tka.utilities.MyListener - Test case is pass loginTest
2025-09-27 19:27:17 [main] INFO  com.tka.utilities.MyListener - Test case execution started loginTest
2025-09-27 19:27:18 [main] INFO  com.tka.utilities.MyListener - Test case failed loginTest
2025-09-27 19:27:18 [main] INFO  com.tka.utilities.MyListener - Test case suite execution finish 
2025-09-27 19:31:39 [main] INFO  com.tka.utilities.MyListener - Test case suite started 
2025-09-27 19:31:39 [main] DEBUG org.apache.poi.openxml4j.opc.PackageRelationshipCollection - Parsing relationship: /xl/_rels/workbook.xml.rels
2025-09-27 19:31:39 [main] DEBUG org.apache.poi.openxml4j.opc.PackageRelationshipCollection - Parsing relationship: /xl/worksheets/_rels/sheet1.xml.rels
2025-09-27 19:31:39 [main] DEBUG org.apache.poi.openxml4j.opc.PackageRelationshipCollection - Parsing relationship: /_rels/.rels
2025-09-27 19:31:40 [main] DEBUG org.apache.poi.ooxml.POIXMLFactory - using default POIXMLDocumentPart for http://schemas.openxmlformats.org/officeDocument/2006/relationships/printerSettings
2025-09-27 19:31:47 [main] INFO  com.tka.utilities.MyListener - Test case execution started loginTest
2025-09-27 19:31:49 [main] INFO  com.tka.utilities.MyListener - Test case is pass loginTest
2025-09-27 19:31:53 [main] INFO  com.tka.utilities.MyListener - Test case execution started loginTest
2025-09-27 19:31:54 [main] INFO  com.tka.utilities.MyListener - Test case is pass loginTest
2025-09-27 19:31:57 [main] INFO  com.tka.utilities.MyListener - Test case execution started loginTest
2025-09-27 19:31:59 [main] INFO  com.tka.utilities.MyListener - Test case failed loginTest
2025-09-27 19:31:59 [main] INFO  com.tka.utilities.MyListener - Test case suite execution finish 
2025-09-27 19:33:07 [main] INFO  com.tka.utilities.MyListener - Test case suite started 
2025-09-27 19:33:08 [main] DEBUG org.apache.poi.openxml4j.opc.PackageRelationshipCollection - Parsing relationship: /xl/_rels/workbook.xml.rels
2025-09-27 19:33:08 [main] DEBUG org.apache.poi.openxml4j.opc.PackageRelationshipCollection - Parsing relationship: /xl/worksheets/_rels/sheet1.xml.rels
2025-09-27 19:33:08 [main] DEBUG org.apache.poi.openxml4j.opc.PackageRelationshipCollection - Parsing relationship: /_rels/.rels
2025-09-27 19:33:09 [main] DEBUG org.apache.poi.ooxml.POIXMLFactory - using default POIXMLDocumentPart for http://schemas.openxmlformats.org/officeDocument/2006/relationships/printerSettings
2025-09-27 19:33:14 [main] INFO  com.tka.utilities.MyListener - Test case execution started loginTest
2025-09-27 19:33:15 [main] INFO  com.tka.utilities.MyListener - Test case is pass loginTest
2025-09-27 19:33:18 [main] INFO  com.tka.utilities.MyListener - Test case execution started loginTest
2025-09-27 19:33:20 [main] INFO  com.tka.utilities.MyListener - Test case is pass loginTest
2025-09-27 19:33:24 [main] INFO  com.tka.utilities.MyListener - Test case execution started loginTest
2025-09-27 19:33:24 [main] INFO  com.tka.utilities.MyListener - Test case failed loginTest
2025-09-27 19:33:25 [main] INFO  com.tka.utilities.MyListener - Test case suite execution finish 
2025-09-27 19:48:35 [main] INFO  com.tka.utilities.MyListener - Test case suite started 
2025-09-27 19:48:36 [main] DEBUG org.apache.poi.openxml4j.opc.PackageRelationshipCollection - Parsing relationship: /xl/_rels/workbook.xml.rels
2025-09-27 19:48:36 [main] DEBUG org.apache.poi.openxml4j.opc.PackageRelationshipCollection - Parsing relationship: /xl/worksheets/_rels/sheet1.xml.rels
2025-09-27 19:48:36 [main] DEBUG org.apache.poi.openxml4j.opc.PackageRelationshipCollection - Parsing relationship: /_rels/.rels
2025-09-27 19:48:38 [main] DEBUG org.apache.poi.ooxml.POIXMLFactory - using default POIXMLDocumentPart for http://schemas.openxmlformats.org/officeDocument/2006/relationships/printerSettings
2025-09-27 19:48:45 [main] INFO  com.tka.utilities.MyListener - Test case execution started loginTest
2025-09-27 19:48:46 [main] INFO  com.tka.utilities.MyListener - Test case is pass loginTest
2025-09-27 19:48:51 [main] INFO  com.tka.utilities.MyListener - Test case execution started loginTest
2025-09-27 19:48:52 [main] INFO  com.tka.utilities.MyListener - Test case is pass loginTest
2025-09-27 19:48:55 [main] INFO  com.tka.utilities.MyListener - Test case execution started loginTest
2025-09-27 19:48:56 [main] INFO  com.tka.utilities.MyListener - Test case failed loginTest
2025-09-27 19:49:00 [main] INFO  com.tka.utilities.MyListener - Test case execution started loginTest
2025-09-27 19:49:01 [main] INFO  com.tka.utilities.MyListener - Test case failed loginTest
2025-09-27 19:49:01 [main] INFO  com.tka.utilities.MyListener - Test case suite execution finish 
2025-09-27 19:53:10 [main] INFO  com.tka.utilities.MyListener - Test case suite started 
2025-09-27 19:53:10 [main] DEBUG org.apache.poi.openxml4j.opc.PackageRelationshipCollection - Parsing relationship: /xl/_rels/workbook.xml.rels
2025-09-27 19:53:10 [main] DEBUG org.apache.poi.openxml4j.opc.PackageRelationshipCollection - Parsing relationship: /xl/worksheets/_rels/sheet1.xml.rels
2025-09-27 19:53:10 [main] DEBUG org.apache.poi.openxml4j.opc.PackageRelationshipCollection - Parsing relationship: /_rels/.rels
2025-09-27 19:53:11 [main] DEBUG org.apache.poi.ooxml.POIXMLFactory - using default POIXMLDocumentPart for http://schemas.openxmlformats.org/officeDocument/2006/relationships/printerSettings
2025-09-27 19:53:12 [main] DEBUG org.apache.poi.openxml4j.opc.ZipPackage - Save content types part
2025-09-27 19:53:12 [main] DEBUG org.apache.poi.openxml4j.opc.ZipPackage - Save package relationships
2025-09-27 19:53:12 [main] DEBUG org.apache.poi.openxml4j.opc.ZipPackage - Save part 'docProps/app.xml'
2025-09-27 19:53:12 [main] DEBUG org.apache.poi.openxml4j.opc.ZipPackage - Save part 'docProps/core.xml'
2025-09-27 19:53:12 [main] DEBUG org.apache.poi.openxml4j.opc.ZipPackage - Save part 'docProps/thumbnail.wmf'
2025-09-27 19:53:12 [main] DEBUG org.apache.poi.openxml4j.opc.ZipPackage - Save part 'xl/printerSettings/printerSettings1.bin'
2025-09-27 19:53:12 [main] DEBUG org.apache.poi.openxml4j.opc.ZipPackage - Save part 'xl/sharedStrings.xml'
2025-09-27 19:53:12 [main] DEBUG org.apache.poi.openxml4j.opc.ZipPackage - Save part 'xl/styles.xml'
2025-09-27 19:53:12 [main] DEBUG org.apache.poi.openxml4j.opc.ZipPackage - Save part 'xl/theme/theme1.xml'
2025-09-27 19:53:12 [main] DEBUG org.apache.poi.openxml4j.opc.ZipPackage - Save part 'xl/workbook.xml'
2025-09-27 19:53:12 [main] DEBUG org.apache.poi.openxml4j.opc.ZipPackage - Save part 'xl/worksheets/sheet1.xml'
2025-09-27 19:53:16 [main] INFO  com.tka.utilities.MyListener - Test case execution started loginTest
2025-09-27 19:53:18 [main] INFO  com.tka.utilities.MyListener - Test case is pass loginTest
2025-09-27 19:53:21 [main] INFO  com.tka.utilities.MyListener - Test case execution started loginTest
2025-09-27 19:53:22 [main] INFO  com.tka.utilities.MyListener - Test case is pass loginTest
2025-09-27 19:53:25 [main] INFO  com.tka.utilities.MyListener - Test case execution started loginTest
2025-09-27 19:53:26 [main] INFO  com.tka.utilities.MyListener - Test case failed loginTest
2025-09-27 19:53:29 [main] INFO  com.tka.utilities.MyListener - Test case execution started loginTest
2025-09-27 19:53:30 [main] INFO  com.tka.utilities.MyListener - Test case failed loginTest
2025-09-27 19:53:30 [main] INFO  com.tka.utilities.MyListener - Test case suite execution finish 
